1604918312581	mozrunner::runner	INFO	Running command: "D:\\testSoftware\\firefox.exe" "-marionette" "-foreground" "-no-remote" "-profile" "C:\\Users\\田宁\\AppData\\Local\\Temp\\rust_mozprofileDk7KTw"
JavaScript error: resource://gre/modules/XULStore.jsm, line 66: Error: Can't find profile directory.
1604918318375	Marionette	INFO	Listening on port 5712
1604918318833	Marionette	WARN	TLS certificate errors will be ignored for this session
JavaScript error: resource://gre/modules/URIFixup.jsm, line 281: NS_ERROR_FAILURE: Should pass a non-null uri
1604918338673	Marionette	INFO	Stopped listening on port 5712

###!!! [Child][RunMessage] Error: Channel closing: too late to send/recv, messages will be lost


###!!! [Child][MessageChannel::SendAndWait] Error: Channel error: cannot send/recv

1604918367403	mozrunner::runner	INFO	Running command: "D:\\testSoftware\\firefox.exe" "-marionette" "-foreground" "-no-remote" "-profile" "C:\\Users\\田宁\\AppData\\Local\\Temp\\rust_mozprofileIIN8Vv"
JavaScript error: resource://gre/modules/XULStore.jsm, line 66: Error: Can't find profile directory.
1604918372051	Marionette	INFO	Listening on port 5809
1604918372144	Marionette	WARN	TLS certificate errors will be ignored for this session
JavaScript error: resource://gre/modules/URIFixup.jsm, line 281: NS_ERROR_FAILURE: Should pass a non-null uri
1604918449223	Marionette	INFO	Stopped listening on port 5809

###!!! [Child][RunMessage] Error: Channel closing: too late to send/recv, messages will be lost


###!!! [Child][MessageChannel::SendAndWait] Error: Channel error: cannot send/recv

1604918467026	mozrunner::runner	INFO	Running command: "D:\\testSoftware\\firefox.exe" "-marionette" "-foreground" "-no-remote" "-profile" "C:\\Users\\田宁\\AppData\\Local\\Temp\\rust_mozprofileYHD7YB"
JavaScript error: resource://gre/modules/XULStore.jsm, line 66: Error: Can't find profile directory.
1604918471018	Marionette	INFO	Listening on port 5946
1604918471147	Marionette	WARN	TLS certificate errors will be ignored for this session
JavaScript error: resource://gre/modules/URIFixup.jsm, line 281: NS_ERROR_FAILURE: Should pass a non-null uri
1604918477241	Marionette	WARN	TimedPromise timed out after 500 ms: stacktrace:
TimedPromise/<@chrome://marionette/content/sync.js:245:13
TimedPromise@chrome://marionette/content/sync.js:230:10
interaction.flushEventLoop@chrome://marionette/content/interaction.js:416:10
webdriverClickElement@chrome://marionette/content/interaction.js:182:31
1604918829493	Marionette	INFO	Stopped listening on port 5946

###!!! [Child][MessageChannel::SendAndWait] Error: Channel error: cannot send/recv

1604918952965	mozrunner::runner	INFO	Running command: "D:\\testSoftware\\firefox.exe" "-marionette" "-foreground" "-no-remote" "-profile" "C:\\Users\\田宁\\AppData\\Local\\Temp\\rust_mozprofileQBtmf0"
JavaScript error: resource://gre/modules/XULStore.jsm, line 66: Error: Can't find profile directory.
1604918957984	Marionette	INFO	Listening on port 6667
1604918958188	Marionette	WARN	TLS certificate errors will be ignored for this session
JavaScript error: resource://gre/modules/URIFixup.jsm, line 281: NS_ERROR_FAILURE: Should pass a non-null uri
1604918964371	Marionette	WARN	TimedPromise timed out after 500 ms: stacktrace:
TimedPromise/<@chrome://marionette/content/sync.js:245:13
TimedPromise@chrome://marionette/content/sync.js:230:10
interaction.flushEventLoop@chrome://marionette/content/interaction.js:416:10
webdriverClickElement@chrome://marionette/content/interaction.js:182:31
1604918975231	Marionette	INFO	Stopped listening on port 6667

###!!! [Child][RunMessage] Error: Channel closing: too late to send/recv, messages will be lost


###!!! [Child][MessageChannel::SendAndWait] Error: Channel error: cannot send/recv

1604919250740	mozrunner::runner	INFO	Running command: "D:\\testSoftware\\firefox.exe" "-marionette" "-foreground" "-no-remote" "-profile" "C:\\Users\\田宁\\AppData\\Local\\Temp\\rust_mozprofileM3rtj6"
JavaScript error: resource://gre/modules/XULStore.jsm, line 66: Error: Can't find profile directory.
1604919257976	Marionette	INFO	Listening on port 7129
1604919258189	Marionette	WARN	TLS certificate errors will be ignored for this session
JavaScript error: resource://gre/modules/URIFixup.jsm, line 281: NS_ERROR_FAILURE: Should pass a non-null uri
1604919267031	Marionette	WARN	TimedPromise timed out after 500 ms: stacktrace:
TimedPromise/<@chrome://marionette/content/sync.js:245:13
TimedPromise@chrome://marionette/content/sync.js:230:10
interaction.flushEventLoop@chrome://marionette/content/interaction.js:416:10
webdriverClickElement@chrome://marionette/content/interaction.js:182:31
1604920845175	Marionette	INFO	Stopped listening on port 7129

###!!! [Child][MessageChannel::SendAndWait] Error: Channel error: cannot send/recv

田宁\\AppData\\Local\\Temp\\rust_mozprofileIORBmY"
JavaScript error: resource://gre/modules/XULStore.jsm, line 66: Error: Can't find profile directory.
1604920762753	Marionette	INFO	Listening on port 8664
1604920763268	Marionette	WARN	TLS certificate errors will be ignored for this session
JavaScript error: resource://gre/modules/URIFixup.jsm, line 281: NS_ERROR_FAILURE: Should pass a non-null uri
1604920769642	Marionette	WARN	TimedPromise timed out after 500 ms: stacktrace:
TimedPromise/<@chrome://marionette/content/sync.js:245:13
TimedPromise@chrome://marionette/content/sync.js:230:10
interaction.flushEventLoop@chrome://marionette/content/interaction.js:416:10
webdriverClickElement@chrome://marionette/content/interaction.js:182:31
1604920771251	Marionette	INFO	Stopped listening on port 8664

###!!! [Child][RunMessage] Error: Channel closing: too late to send/recv, messages will be lost


###!!! [Child][MessageChannel::SendAndWait] Error: Channel error: cannot send/recv

1604920970225	mozrunner::runner	INFO	Running command: "D:\\testSoftware\\firefox.exe" "-marionette" "-foreground" "-no-remote" "-profile" "C:\\Users\\田宁\\AppData\\Local\\Temp\\rust_mozprofileW2RKrl"
JavaScript error: resource://gre/modules/XULStore.jsm, line 66: Error: Can't find profile directory.
1604920974484	Marionette	INFO	Listening on port 8994
1604920975046	Marionette	WARN	TLS certificate errors will be ignored for this session
JavaScript error: resource://gre/modules/URIFixup.jsm, line 281: NS_ERROR_FAILURE: Should pass a non-null uri
1604920980973	Marionette	WARN	TimedPromise timed out after 500 ms: stacktrace:
TimedPromise/<@chrome://marionette/content/sync.js:245:13
TimedPromise@chrome://marionette/content/sync.js:230:10
interaction.flushEventLoop@chrome://marionette/content/interaction.js:416:10
webdriverClickElement@chrome://marionette/content/interaction.js:182:31
1604920994385	Marionette	INFO	Stopped listening on port 8994

###!!! [Child][RunMessage] Error: Channel closing: too late to send/recv, messages will be lost


###!!! [Child][MessageChannel::SendAndWait] Error: Channel error: cannot send/recv

1604921022746	mozrunner::runner	INFO	Running command: "D:\\testSoftware\\firefox.exe" "-marionette" "-foreground" "-no-remote" "-profile" "C:\\Users\\田宁\\AppData\\Local\\Temp\\rust_mozprofilezBd4H9"
JavaScript error: resource://gre/modules/XULStore.jsm, line 66: Error: Can't find profile directory.
1604921026200	Marionette	INFO	Listening on port 9091
1604921026368	Marionette	WARN	TLS certificate errors will be ignored for this session
JavaScript error: resource://gre/modules/URIFixup.jsm, line 281: NS_ERROR_FAILURE: Should pass a non-null uri
1604921032483	Marionette	WARN	TimedPromise timed out after 500 ms: stacktrace:
TimedPromise/<@chrome://marionette/content/sync.js:245:13
TimedPromise@chrome://marionette/content/sync.js:230:10
interaction.flushEventLoop@chrome://marionette/content/interaction.js:416:10
webdriverClickElement@chrome://marionette/content/interaction.js:182:31
1604927444334	Marionette	INFO	Stopped listening on port 9091

###!!! [Child][MessageChannel::SendAndWait] Error: Channel error: cannot send/recv

田宁\\AppData\\Local\\Temp\\rust_mozprofilejWpkmx"
JavaScript error: resource://gre/modules/XULStore.jsm, line 66: Error: Can't find profile directory.
1604923357832	Marionette	INFO	Listening on port 10913
1604923358171	Marionette	WARN	TLS certificate errors will be ignored for this session
JavaScript error: resource://gre/modules/URIFixup.jsm, line 281: NS_ERROR_FAILURE: Should pass a non-null uri
1604923367774	Marionette	INFO	Stopped listening on port 10913

###!!! [Child][RunMessage] Error: Channel closing: too late to send/recv, messages will be lost


###!!! [Child][MessageChannel::SendAndWait] Error: Channel error: cannot send/recv

1604923604182	mozrunner::runner	INFO	Running command: "D:\\testSoftware\\firefox.exe" "-marionette" "-foreground" "-no-remote" "-profile" "C:\\Users\\田宁\\AppData\\Local\\Temp\\rust_mozprofileigh798"
JavaScript error: resource://gre/modules/XULStore.jsm, line 66: Error: Can't find profile directory.
1604923610079	Marionette	INFO	Listening on port 11084
1604923610443	Marionette	WARN	TLS certificate errors will be ignored for this session
JavaScript error: resource://gre/modules/URIFixup.jsm, line 281: NS_ERROR_FAILURE: Should pass a non-null uri
1604923617907	Marionette	INFO	Stopped listening on port 11084

###!!! [Child][RunMessage] Error: Channel closing: too late to send/recv, messages will be lost


###!!! [Child][MessageChannel::SendAndWait] Error: Channel error: cannot send/recv

1604923742477	mozrunner::runner	INFO	Running command: "D:\\testSoftware\\firefox.exe" "-marionette" "-foreground" "-no-remote" "-profile" "C:\\Users\\田宁\\AppData\\Local\\Temp\\rust_mozprofileMIMD9a"
JavaScript error: resource://gre/modules/XULStore.jsm, line 66: Error: Can't find profile directory.
1604923747830	Marionette	INFO	Listening on port 11195
1604923748249	Marionette	WARN	TLS certificate errors will be ignored for this session
JavaScript error: resource://gre/modules/URIFixup.jsm, line 281: NS_ERROR_FAILURE: Should pass a non-null uri
1604923764520	Marionette	INFO	Stopped listening on port 11195

###!!! [Child][RunMessage] Error: Channel closing: too late to send/recv, messages will be lost


###!!! [Child][MessageChannel::SendAndWait] Error: Channel error: cannot send/recv

1604924001198	mozrunner::runner	INFO	Running command: "D:\\testSoftware\\firefox.exe" "-marionette" "-foreground" "-no-remote" "-profile" "C:\\Users\\田宁\\AppData\\Local\\Temp\\rust_mozprofileHYJ2NQ"
JavaScript error: resource://gre/modules/XULStore.jsm, line 66: Error: Can't find profile directory.
1604924005495	Marionette	INFO	Listening on port 11363
1604924006050	Marionette	WARN	TLS certificate errors will be ignored for this session
JavaScript error: resource://gre/modules/URIFixup.jsm, line 281: NS_ERROR_FAILURE: Should pass a non-null uri
1604924013116	Marionette	WARN	TimedPromise timed out after 500 ms: stacktrace:
TimedPromise/<@chrome://marionette/content/sync.js:245:13
TimedPromise@chrome://marionette/content/sync.js:230:10
interaction.flushEventLoop@chrome://marionette/content/interaction.js:416:10
webdriverClickElement@chrome://marionette/content/interaction.js:182:31
1604924018723	Marionette	INFO	Stopped listening on port 11363

###!!! [Child][RunMessage] Error: Channel closing: too late to send/recv, messages will be lost


###!!! [Child][MessageChannel::SendAndWait] Error: Channel error: cannot send/recv

1604927821346	mozrunner::runner	INFO	Running command: "D:\\testSoftware\\firefox.exe" "-marionette" "-foreground" "-no-remote" "-profile" "C:\\Users\\田宁\\AppData\\Local\\Temp\\rust_mozprofileA0UY4R"
JavaScript error: resource://gre/modules/XULStore.jsm, line 66: Error: Can't find profile directory.
1604927827250	Marionette	INFO	Listening on port 13138
1604927827572	Marionette	WARN	TLS certificate errors will be ignored for this session
JavaScript error: resource://gre/modules/URIFixup.jsm, line 281: NS_ERROR_FAILURE: Should pass a non-null uri
1604927835649	Marionette	WARN	TimedPromise timed out after 500 ms: stacktrace:
TimedPromise/<@chrome://marionette/content/sync.js:245:13
TimedPromise@chrome://marionette/content/sync.js:230:10
interaction.flushEventLoop@chrome://marionette/content/interaction.js:416:10
webdriverClickElement@chrome://marionette/content/interaction.js:182:31
1604927837279	Marionette	INFO	Stopped listening on port 13138

###!!! [Child][RunMessage] Error: Channel closing: too late to send/recv, messages will be lost


###!!! [Child][MessageChannel::SendAndWait] Error: Channel error: cannot send/recv

1604927888127	mozrunner::runner	INFO	Running command: "D:\\testSoftware\\firefox.exe" "-marionette" "-foreground" "-no-remote" "-profile" "C:\\Users\\田宁\\AppData\\Local\\Temp\\rust_mozprofilejvkW84"
JavaScript error: resource://gre/modules/XULStore.jsm, line 66: Error: Can't find profile directory.
1604927893462	Marionette	INFO	Listening on port 13213
1604927893925	Marionette	WARN	TLS certificate errors will be ignored for this session
JavaScript error: resource://gre/modules/URIFixup.jsm, line 281: NS_ERROR_FAILURE: Should pass a non-null uri
1604927900750	Marionette	WARN	TimedPromise timed out after 500 ms: stacktrace:
TimedPromise/<@chrome://marionette/content/sync.js:245:13
TimedPromise@chrome://marionette/content/sync.js:230:10
interaction.flushEventLoop@chrome://marionette/content/interaction.js:416:10
webdriverClickElement@chrome://marionette/content/interaction.js:182:31
1604927902400	Marionette	INFO	Stopped listening on port 13213
IPDL protocol error: Handler returned error code!

###!!! [Parent][DispatchAsyncMessage] Error: PLayerTransaction::Msg_ReleaseLayer Processing error: message was deserialized, but the handler returned false (indicating failure)

IPDL protocol error: Handler returned error code!

###!!! [Parent][DispatchAsyncMessage] Error: PLayerTransaction::Msg_ReleaseLayer Processing error: message was deserialized, but the handler returned false (indicating failure)

IPDL protocol error: Handler returned error code!

###!!! [Parent][DispatchAsyncMessage] Error: PLayerTransaction::Msg_ReleaseLayer Processing error: message was deserialized, but the handler returned false (indicating failure)

IPDL protocol error: Handler returned error code!

###!!! [Parent][DispatchAsyncMessage] Error: PLayerTransaction::Msg_ReleaseLayer Processing error: message was deserialized, but the handler returned false (indicating failure)

IPDL protocol error: Handler returned error code!

###!!! [Parent][DispatchAsyncMessage] Error: PLayerTransaction::Msg_ReleaseLayer Processing error: message was deserialized, but the handler returned false (indicating failure)

IPDL protocol error: Handler returned error code!

###!!! [Parent][DispatchAsyncMessage] Error: PLayerTransaction::Msg_ReleaseLayer Processing error: message was deserialized, but the handler returned false (indicating failure)

IPDL protocol error: Handler returned error code!

###!!! [Parent][DispatchAsyncMessage] Error: PLayerTransaction::Msg_ReleaseLayer Processing error: message was deserialized, but the handler returned false (indicating failure)


###!!! [Child][RunMessage] Error: Channel closing: too late to send/recv, messages will be lost


###!!! [Child][MessageChannel::SendAndWait] Error: Channel error: cannot send/recv

1604927918759	mozrunner::runner	INFO	Running command: "D:\\testSoftware\\firefox.exe" "-marionette" "-foreground" "-no-remote" "-profile" "C:\\Users\\田宁\\AppData\\Local\\Temp\\rust_mozprofile5jf8eI"
JavaScript error: resource://gre/modules/XULStore.jsm, line 66: Error: Can't find profile directory.
1604927923032	Marionette	INFO	Listening on port 13273
1604927923481	Marionette	WARN	TLS certificate errors will be ignored for this session
JavaScript error: resource://gre/modules/URIFixup.jsm, line 281: NS_ERROR_FAILURE: Should pass a non-null uri
1604927930349	Marionette	WARN	TimedPromise timed out after 500 ms: stacktrace:
TimedPromise/<@chrome://marionette/content/sync.js:245:13
TimedPromise@chrome://marionette/content/sync.js:230:10
interaction.flushEventLoop@chrome://marionette/content/interaction.js:416:10
webdriverClickElement@chrome://marionette/content/interaction.js:182:31
1604927931990	Marionette	INFO	Stopped listening on port 13273

###!!! [Child][RunMessage] Error: Channel closing: too late to send/recv, messages will be lost


###!!! [Child][MessageChannel::SendAndWait] Error: Channel error: cannot send/recv

1605010766906	mozrunner::runner	INFO	Running command: "D:\\testSoftware\\firefox.exe" "-marionette" "-foreground" "-no-remote" "-profile" "C:\\Users\\田宁\\AppData\\Local\\Temp\\rust_mozprofileAbZyTc"
1605010802690	mozrunner::runner	INFO	Running command: "D:\\testSoftware\\firefox.exe" "-marionette" "-foreground" "-no-remote" "-profile" "C:\\Users\\田宁\\AppData\\Local\\Temp\\rust_mozprofileZadI0g"
JavaScript error: resource://gre/modules/XULStore.jsm, line 66: Error: Can't find profile directory.
1605010806864	Marionette	INFO	Listening on port 6931
1605010806945	Marionette	WARN	TLS certificate errors will be ignored for this session
JavaScript error: resource://gre/modules/URIFixup.jsm, line 281: NS_ERROR_FAILURE: Should pass a non-null uri
1605010814052	Marionette	WARN	TimedPromise timed out after 500 ms: stacktrace:
TimedPromise/<@chrome://marionette/content/sync.js:245:13
TimedPromise@chrome://marionette/content/sync.js:230:10
interaction.flushEventLoop@chrome://marionette/content/interaction.js:416:10
webdriverClickElement@chrome://marionette/content/interaction.js:182:31
1605010815707	Marionette	INFO	Stopped listening on port 6931
IPDL protocol error: Handler returned error code!

###!!! [Parent][DispatchAsyncMessage] Error: PLayerTransaction::Msg_ReleaseLayer Processing error: message was deserialized, but the handler returned false (indicating failure)

IPDL protocol error: Handler returned error code!

###!!! [Parent][DispatchAsyncMessage] Error: PLayerTransaction::Msg_ReleaseLayer Processing error: message was deserialized, but the handler returned false (indicating failure)

IPDL protocol error: Handler returned error code!

###!!! [Parent][DispatchAsyncMessage] Error: PLayerTransaction::Msg_ReleaseLayer Processing error: message was deserialized, but the handler returned false (indicating failure)

IPDL protocol error: Handler returned error code!

###!!! [Parent][DispatchAsyncMessage] Error: PLayerTransaction::Msg_ReleaseLayer Processing error: message was deserialized, but the handler returned false (indicating failure)

IPDL protocol error: Handler returned error code!

###!!! [Parent][DispatchAsyncMessage] Error: PLayerTransaction::Msg_ReleaseLayer Processing error: message was deserialized, but the handler returned false (indicating failure)


###!!! [Child][RunMessage] Error: Channel closing: too late to send/recv, messages will be lost


###!!! [Child][RunMessage] Error: Channel closing: too late to send/recv, messages will be lost


###!!! [Child][RunMessage] Error: Channel closing: too late to send/recv, messages will be lost


###!!! [Child][MessageChannel::SendAndWait] Error: Channel error: cannot send/recv

1605010906458	mozrunner::runner	INFO	Running command: "D:\\testSoftware\\firefox.exe" "-marionette" "-foreground" "-no-remote" "-profile" "C:\\Users\\田宁\\AppData\\Local\\Temp\\rust_mozprofile02T1Y8"
JavaScript error: resource://gre/modules/XULStore.jsm, line 66: Error: Can't find profile directory.
1605010910634	Marionette	INFO	Listening on port 7036
1605010910679	Marionette	WARN	TLS certificate errors will be ignored for this session
JavaScript error: resource://gre/modules/URIFixup.jsm, line 281: NS_ERROR_FAILURE: Should pass a non-null uri
1605010928065	Marionette	INFO	Stopped listening on port 7036

###!!! [Child][RunMessage] Error: Channel closing: too late to send/recv, messages will be lost


###!!! [Child][MessageChannel::SendAndWait] Error: Channel error: cannot send/recv

1605010936016	mozrunner::runner	INFO	Running command: "D:\\testSoftware\\firefox.exe" "-marionette" "-foreground" "-no-remote" "-profile" "C:\\Users\\田宁\\AppData\\Local\\Temp\\rust_mozprofile2rIFyr"
JavaScript error: resource://gre/modules/XULStore.jsm, line 66: Error: Can't find profile directory.
1605010939898	Marionette	INFO	Listening on port 7111
1605010940135	Marionette	WARN	TLS certificate errors will be ignored for this session
JavaScript error: resource://gre/modules/URIFixup.jsm, line 281: NS_ERROR_FAILURE: Should pass a non-null uri
1605011565992	Marionette	INFO	Stopped listening on port 7111

###!!! [Child][MessageChannel::SendAndWait] Error: Channel error: cannot send/recv

田宁\\AppData\\Local\\Temp\\rust_mozprofilejHNP0c"
JavaScript error: resource://gre/modules/XULStore.jsm, line 66: Error: Can't find profile directory.
1605010987469	Marionette	INFO	Listening on port 7177
1605010987705	Marionette	WARN	TLS certificate errors will be ignored for this session
JavaScript error: resource://gre/modules/URIFixup.jsm, line 281: NS_ERROR_FAILURE: Should pass a non-null uri
1605010994052	Marionette	WARN	TimedPromise timed out after 500 ms: stacktrace:
TimedPromise/<@chrome://marionette/content/sync.js:245:13
TimedPromise@chrome://marionette/content/sync.js:230:10
interaction.flushEventLoop@chrome://marionette/content/interaction.js:416:10
webdriverClickElement@chrome://marionette/content/interaction.js:182:31
1605010995706	Marionette	INFO	Stopped listening on port 7177
IPDL protocol error: Handler returned error code!

###!!! [Parent][DispatchAsyncMessage] Error: PLayerTransaction::Msg_ReleaseLayer Processing error: message was deserialized, but the handler returned false (indicating failure)

IPDL protocol error: Handler returned error code!

###!!! [Parent][DispatchAsyncMessage] Error: PLayerTransaction::Msg_ReleaseLayer Processing error: message was deserialized, but the handler returned false (indicating failure)

IPDL protocol error: Handler returned error code!

###!!! [Parent][DispatchAsyncMessage] Error: PLayerTransaction::Msg_ReleaseLayer Processing error: message was deserialized, but the handler returned false (indicating failure)

IPDL protocol error: Handler returned error code!

###!!! [Parent][DispatchAsyncMessage] Error: PLayerTransaction::Msg_ReleaseLayer Processing error: message was deserialized, but the handler returned false (indicating failure)

IPDL protocol error: Handler returned error code!

###!!! [Parent][DispatchAsyncMessage] Error: PLayerTransaction::Msg_ReleaseLayer Processing error: message was deserialized, but the handler returned false (indicating failure)

IPDL protocol error: Handler returned error code!

###!!! [Parent][DispatchAsyncMessage] Error: PLayerTransaction::Msg_ReleaseLayer Processing error: message was deserialized, but the handler returned false (indicating failure)

IPDL protocol error: Handler returned error code!

###!!! [Parent][DispatchAsyncMessage] Error: PLayerTransaction::Msg_ReleaseLayer Processing error: message was deserialized, but the handler returned false (indicating failure)


###!!! [Child][RunMessage] Error: Channel closing: too late to send/recv, messages will be lost


###!!! [Child][MessageChannel::SendAndWait] Error: Channel error: cannot send/recv

1605011088668	mozrunner::runner	INFO	Running command: "D:\\testSoftware\\firefox.exe" "-marionette" "-foreground" "-no-remote" "-profile" "C:\\Users\\田宁\\AppData\\Local\\Temp\\rust_mozprofilellE1wc"
JavaScript error: resource://gre/modules/XULStore.jsm, line 66: Error: Can't find profile directory.
1605011092244	Marionette	INFO	Listening on port 7265
1605011092303	Marionette	WARN	TLS certificate errors will be ignored for this session
JavaScript error: resource://gre/modules/URIFixup.jsm, line 281: NS_ERROR_FAILURE: Should pass a non-null uri
JavaScript error: chrome://marionette/content/proxy.js, line 287: NS_ERROR_NOT_INITIALIZED
1605011101360	Marionette	INFO	Stopped listening on port 7265

###!!! [Child][RunMessage] Error: Channel closing: too late to send/recv, messages will be lost


###!!! [Child][MessageChannel::SendAndWait] Error: Channel error: cannot send/recv

1605011105297	mozrunner::runner	INFO	Running command: "D:\\testSoftware\\firefox.exe" "-marionette" "-foreground" "-no-remote" "-profile" "C:\\Users\\田宁\\AppData\\Local\\Temp\\rust_mozprofileM8pU5U"
JavaScript error: resource://gre/modules/XULStore.jsm, line 66: Error: Can't find profile directory.
1605011109110	Marionette	INFO	Listening on port 7322
1605011109412	Marionette	WARN	TLS certificate errors will be ignored for this session
JavaScript error: resource://gre/modules/URIFixup.jsm, line 281: NS_ERROR_FAILURE: Should pass a non-null uri
1605011115093	Marionette	WARN	TimedPromise timed out after 500 ms: stacktrace:
TimedPromise/<@chrome://marionette/content/sync.js:245:13
TimedPromise@chrome://marionette/content/sync.js:230:10
interaction.flushEventLoop@chrome://marionette/content/interaction.js:416:10
webdriverClickElement@chrome://marionette/content/interaction.js:182:31
1605011116793	Marionette	INFO	Stopped listening on port 7322
JavaScript error: resource://gre/modules/Prompter.jsm, line 1189: NS_ERROR_NOT_AVAILABLE: prompt aborted by user

###!!! [Child][RunMessage] Error: Channel closing: too late to send/recv, messages will be lost


###!!! [Child][MessageChannel::SendAndWait] Error: Channel error: cannot send/recv

1605011319144	mozrunner::runner	INFO	Running command: "D:\\testSoftware\\firefox.exe" "-marionette" "-foreground" "-no-remote" "-profile" "C:\\Users\\田宁\\AppData\\Local\\Temp\\rust_mozprofileHJh91u"
JavaScript error: resource://gre/modules/XULStore.jsm, line 66: Error: Can't find profile directory.
1605011323048	Marionette	INFO	Listening on port 7459
1605011323273	Marionette	WARN	TLS certificate errors will be ignored for this session
JavaScript error: resource://gre/modules/URIFixup.jsm, line 281: NS_ERROR_FAILURE: Should pass a non-null uri
1605011337226	Marionette	INFO	Stopped listening on port 7459

###!!! [Child][RunMessage] Error: Channel closing: too late to send/recv, messages will be lost


###!!! [Child][MessageChannel::SendAndWait] Error: Channel error: cannot send/recv

1605011397102	mozrunner::runner	INFO	Running command: "D:\\testSoftware\\firefox.exe" "-marionette" "-foreground" "-no-remote" "-profile" "C:\\Users\\田宁\\AppData\\Local\\Temp\\rust_mozprofilexf3b2N"
JavaScript error: resource://gre/modules/XULStore.jsm, line 66: Error: Can't find profile directory.
1605011400596	Marionette	INFO	Listening on port 7537
1605011400719	Marionette	WARN	TLS certificate errors will be ignored for this session
JavaScript error: resource://gre/modules/URIFixup.jsm, line 281: NS_ERROR_FAILURE: Should pass a non-null uri
1605011405630	Marionette	INFO	Stopped listening on port 7537

###!!! [Child][RunMessage] Error: Channel closing: too late to send/recv, messages will be lost


###!!! [Child][MessageChannel::SendAndWait] Error: Channel error: cannot send/recv

1605011450770	mozrunner::runner	INFO	Running command: "D:\\testSoftware\\firefox.exe" "-marionette" "-foreground" "-no-remote" "-profile" "C:\\Users\\田宁\\AppData\\Local\\Temp\\rust_mozprofilemjgwxO"
JavaScript error: resource://gre/modules/XULStore.jsm, line 66: Error: Can't find profile directory.
1605011454575	Marionette	INFO	Listening on port 7639
1605011454888	Marionette	WARN	TLS certificate errors will be ignored for this session
JavaScript error: resource://gre/modules/URIFixup.jsm, line 281: NS_ERROR_FAILURE: Should pass a non-null uri
1605011459382	Marionette	INFO	Stopped listening on port 7639

###!!! [Child][RunMessage] Error: Channel closing: too late to send/recv, messages will be lost


###!!! [Child][MessageChannel::SendAndWait] Error: Channel error: cannot send/recv

1605011528760	mozrunner::runner	INFO	Running command: "D:\\testSoftware\\firefox.exe" "-marionette" "-foreground" "-no-remote" "-profile" "C:\\Users\\田宁\\AppData\\Local\\Temp\\rust_mozprofile1JDf9f"
JavaScript error: resource://gre/modules/XULStore.jsm, line 66: Error: Can't find profile directory.
1605011532507	Marionette	INFO	Listening on port 7739
1605011532898	Marionette	WARN	TLS certificate errors will be ignored for this session
JavaScript error: resource://gre/modules/URIFixup.jsm, line 281: NS_ERROR_FAILURE: Should pass a non-null uri
1605011537635	Marionette	INFO	Stopped listening on port 7739

###!!! [Child][RunMessage] Error: Channel closing: too late to send/recv, messages will be lost


###!!! [Child][MessageChannel::SendAndWait] Error: Channel error: cannot send/recv

1605011592579	mozrunner::runner	INFO	Running command: "D:\\testSoftware\\firefox.exe" "-marionette" "-foreground" "-no-remote" "-profile" "C:\\Users\\田宁\\AppData\\Local\\Temp\\rust_mozprofilepu9SSt"
JavaScript error: resource://gre/modules/XULStore.jsm, line 66: Error: Can't find profile directory.
1605011596027	Marionette	INFO	Listening on port 7837
1605011596203	Marionette	WARN	TLS certificate errors will be ignored for this session
JavaScript error: resource://gre/modules/URIFixup.jsm, line 281: NS_ERROR_FAILURE: Should pass a non-null uri
1605011600544	Marionette	INFO	Stopped listening on port 7837
console.error: services.settings: 
  main/whats-new-panel Signature failed  TypeError: NetworkError when attempting to fetch resource.

###!!! [Child][RunMessage] Error: Channel closing: too late to send/recv, messages will be lost


###!!! [Child][MessageChannel::SendAndWait] Error: Channel error: cannot send/recv

1605011604920	mozrunner::runner	INFO	Running command: "D:\\testSoftware\\firefox.exe" "-marionette" "-foreground" "-no-remote" "-profile" "C:\\Users\\田宁\\AppData\\Local\\Temp\\rust_mozprofilestUwjI"
1605011631249	mozrunner::runner	INFO	Running command: "D:\\testSoftware\\firefox.exe" "-marionette" "-foreground" "-no-remote" "-profile" "C:\\Users\\田宁\\AppData\\Local\\Temp\\rust_mozprofileQoQR3H"
1605011648989	mozrunner::runner	INFO	Running command: "D:\\testSoftware\\firefox.exe" "-marionette" "-foreground" "-no-remote" "-profile" "C:\\Users\\田宁\\AppData\\Local\\Temp\\rust_mozprofilenbzKkL"
1605011690270	mozrunner::runner	INFO	Running command: "D:\\testSoftware\\firefox.exe" "-marionette" "-foreground" "-no-remote" "-profile" "C:\\Users\\田宁\\AppData\\Local\\Temp\\rust_mozprofiletWaVhu"
1605011823078	mozrunner::runner	INFO	Running command: "D:\\testSoftware\\firefox.exe" "-marionette" "-foreground" "-no-remote" "-profile" "C:\\Users\\田宁\\AppData\\Local\\Temp\\rust_mozprofilemz6Hdt"
JavaScript error: resource://gre/modules/XULStore.jsm, line 66: Error: Can't find profile directory.
1605011826624	Marionette	INFO	Listening on port 8331
1605011826795	Marionette	WARN	TLS certificate errors will be ignored for this session
JavaScript error: resource://gre/modules/URIFixup.jsm, line 281: NS_ERROR_FAILURE: Should pass a non-null uri
1605011831320	Marionette	INFO	Stopped listening on port 8331

###!!! [Child][RunMessage] Error: Channel closing: too late to send/recv, messages will be lost


###!!! [Child][MessageChannel::SendAndWait] Error: Channel error: cannot send/recv

1605011836117	mozrunner::runner	INFO	Running command: "D:\\testSoftware\\firefox.exe" "-marionette" "-foreground" "-no-remote" "-profile" "C:\\Users\\田宁\\AppData\\Local\\Temp\\rust_mozprofile99BJ5M"
JavaScript error: resource://gre/modules/XULStore.jsm, line 66: Error: Can't find profile directory.
1605011839699	Marionette	INFO	Listening on port 8387
1605011839733	Marionette	WARN	TLS certificate errors will be ignored for this session
JavaScript error: resource://gre/modules/URIFixup.jsm, line 281: NS_ERROR_FAILURE: Should pass a non-null uri
1605011844967	Marionette	INFO	Stopped listening on port 8387

###!!! [Child][RunMessage] Error: Channel closing: too late to send/recv, messages will be lost


###!!! [Child][MessageChannel::SendAndWait] Error: Channel error: cannot send/recv

1605011894952	mozrunner::runner	INFO	Running command: "D:\\testSoftware\\firefox.exe" "-marionette" "-foreground" "-no-remote" "-profile" "C:\\Users\\田宁\\AppData\\Local\\Temp\\rust_mozprofileSoFtLP"
JavaScript error: resource://gre/modules/XULStore.jsm, line 66: Error: Can't find profile directory.
1605011898075	Marionette	INFO	Listening on port 8456
1605011898568	Marionette	WARN	TLS certificate errors will be ignored for this session
JavaScript error: resource://gre/modules/URIFixup.jsm, line 281: NS_ERROR_FAILURE: Should pass a non-null uri
1605011902960	Marionette	INFO	Stopped listening on port 8456

###!!! [Child][RunMessage] Error: Channel closing: too late to send/recv, messages will be lost


###!!! [Child][MessageChannel::SendAndWait] Error: Channel error: cannot send/recv

1605011907253	mozrunner::runner	INFO	Running command: "D:\\testSoftware\\firefox.exe" "-marionette" "-foreground" "-no-remote" "-profile" "C:\\Users\\田宁\\AppData\\Local\\Temp\\rust_mozprofileHTKajp"
JavaScript error: resource://gre/modules/XULStore.jsm, line 66: Error: Can't find profile directory.
1605011910724	Marionette	INFO	Listening on port 8508
1605011910866	Marionette	WARN	TLS certificate errors will be ignored for this session
JavaScript error: resource://gre/modules/URIFixup.jsm, line 281: NS_ERROR_FAILURE: Should pass a non-null uri
1605011915825	Marionette	INFO	Stopped listening on port 8508

###!!! [Child][RunMessage] Error: Channel closing: too late to send/recv, messages will be lost


###!!! [Child][MessageChannel::SendAndWait] Error: Channel error: cannot send/recv

1605011996963	mozrunner::runner	INFO	Running command: "D:\\testSoftware\\firefox.exe" "-marionette" "-foreground" "-no-remote" "-profile" "C:\\Users\\田宁\\AppData\\Local\\Temp\\rust_mozprofilew25z8C"
JavaScript error: resource://gre/modules/XULStore.jsm, line 66: Error: Can't find profile directory.
1605012000156	Marionette	INFO	Listening on port 8591
1605012000578	Marionette	WARN	TLS certificate errors will be ignored for this session
JavaScript error: resource://gre/modules/URIFixup.jsm, line 281: NS_ERROR_FAILURE: Should pass a non-null uri
1605012006561	Marionette	WARN	TimedPromise timed out after 500 ms: stacktrace:
TimedPromise/<@chrome://marionette/content/sync.js:245:13
TimedPromise@chrome://marionette/content/sync.js:230:10
interaction.flushEventLoop@chrome://marionette/content/interaction.js:416:10
webdriverClickElement@chrome://marionette/content/interaction.js:182:31
1605012008156	Marionette	INFO	Stopped listening on port 8591

###!!! [Child][RunMessage] Error: Channel closing: too late to send/recv, messages will be lost


###!!! [Child][MessageChannel::SendAndWait] Error: Channel error: cannot send/recv

1605012069503	mozrunner::runner	INFO	Running command: "D:\\testSoftware\\firefox.exe" "-marionette" "-foreground" "-no-remote" "-profile" "C:\\Users\\田宁\\AppData\\Local\\Temp\\rust_mozprofileJiPU83"
JavaScript error: resource://gre/modules/XULStore.jsm, line 66: Error: Can't find profile directory.
1605012072927	Marionette	INFO	Listening on port 8678
1605012073122	Marionette	WARN	TLS certificate errors will be ignored for this session
JavaScript error: resource://gre/modules/URIFixup.jsm, line 281: NS_ERROR_FAILURE: Should pass a non-null uri
1605012080139	Marionette	INFO	Stopped listening on port 8678
IPDL protocol error: Handler returned error code!

###!!! [Parent][DispatchAsyncMessage] Error: PLayerTransaction::Msg_ReleaseLayer Processing error: message was deserialized, but the handler returned false (indicating failure)

IPDL protocol error: Handler returned error code!

###!!! [Parent][DispatchAsyncMessage] Error: PLayerTransaction::Msg_ReleaseLayer Processing error: message was deserialized, but the handler returned false (indicating failure)

IPDL protocol error: Handler returned error code!

###!!! [Parent][DispatchAsyncMessage] Error: PLayerTransaction::Msg_ReleaseLayer Processing error: message was deserialized, but the handler returned false (indicating failure)

IPDL protocol error: Handler returned error code!

###!!! [Parent][DispatchAsyncMessage] Error: PLayerTransaction::Msg_ReleaseLayer Processing error: message was deserialized, but the handler returned false (indicating failure)


###!!! [Child][RunMessage] Error: Channel closing: too late to send/recv, messages will be lost


###!!! [Child][MessageChannel::SendAndWait] Error: Channel error: cannot send/recv

1605012163711	mozrunner::runner	INFO	Running command: "D:\\testSoftware\\firefox.exe" "-marionette" "-foreground" "-no-remote" "-profile" "C:\\Users\\田宁\\AppData\\Local\\Temp\\rust_mozprofileOkingr"
JavaScript error: resource://gre/modules/XULStore.jsm, line 66: Error: Can't find profile directory.
1605012166851	Marionette	INFO	Listening on port 8750
1605012167336	Marionette	WARN	TLS certificate errors will be ignored for this session
JavaScript error: resource://gre/modules/URIFixup.jsm, line 281: NS_ERROR_FAILURE: Should pass a non-null uri
1605012171387	Marionette	INFO	Stopped listening on port 8750

###!!! [Child][RunMessage] Error: Channel closing: too late to send/recv, messages will be lost


###!!! [Child][MessageChannel::SendAndWait] Error: Channel error: cannot send/recv

1605012175957	mozrunner::runner	INFO	Running command: "D:\\testSoftware\\firefox.exe" "-marionette" "-foreground" "-no-remote" "-profile" "C:\\Users\\田宁\\AppData\\Local\\Temp\\rust_mozprofileMYUdRc"
JavaScript error: resource://gre/modules/XULStore.jsm, line 66: Error: Can't find profile directory.
1605012179280	Marionette	INFO	Listening on port 8797
1605012179582	Marionette	WARN	TLS certificate errors will be ignored for this session
JavaScript error: resource://gre/modules/URIFixup.jsm, line 281: NS_ERROR_FAILURE: Should pass a non-null uri
1605012185484	Marionette	WARN	TimedPromise timed out after 500 ms: stacktrace:
TimedPromise/<@chrome://marionette/content/sync.js:245:13
TimedPromise@chrome://marionette/content/sync.js:230:10
interaction.flushEventLoop@chrome://marionette/content/interaction.js:416:10
webdriverClickElement@chrome://marionette/content/interaction.js:182:31
1605012187088	Marionette	INFO	Stopped listening on port 8797

###!!! [Child][RunMessage] Error: Channel closing: too late to send/recv, messages will be lost


###!!! [Child][MessageChannel::SendAndWait] Error: Channel error: cannot send/recv

1605012191594	mozrunner::runner	INFO	Running command: "D:\\testSoftware\\firefox.exe" "-marionette" "-foreground" "-no-remote" "-profile" "C:\\Users\\田宁\\AppData\\Local\\Temp\\rust_mozprofilerZ6mjz"
JavaScript error: resource://gre/modules/XULStore.jsm, line 66: Error: Can't find profile directory.
1605012194759	Marionette	INFO	Listening on port 8853
1605012195210	Marionette	WARN	TLS certificate errors will be ignored for this session
JavaScript error: resource://gre/modules/URIFixup.jsm, line 281: NS_ERROR_FAILURE: Should pass a non-null uri
1605012202062	Marionette	INFO	Stopped listening on port 8853

###!!! [Child][RunMessage] Error: Channel closing: too late to send/recv, messages will be lost


###!!! [Child][MessageChannel::SendAndWait] Error: Channel error: cannot send/recv

1605012366848	mozrunner::runner	INFO	Running command: "D:\\testSoftware\\firefox.exe" "-marionette" "-foreground" "-no-remote" "-profile" "C:\\Users\\田宁\\AppData\\Local\\Temp\\rust_mozprofileMd80rQ"
JavaScript error: resource://gre/modules/XULStore.jsm, line 66: Error: Can't find profile directory.
1605012370928	Marionette	INFO	Listening on port 8993
1605012371006	Marionette	WARN	TLS certificate errors will be ignored for this session
JavaScript error: resource://gre/modules/URIFixup.jsm, line 281: NS_ERROR_FAILURE: Should pass a non-null uri
1605012375622	Marionette	INFO	Stopped listening on port 8993

###!!! [Child][RunMessage] Error: Channel closing: too late to send/recv, messages will be lost


###!!! [Child][MessageChannel::SendAndWait] Error: Channel error: cannot send/recv

1605012383301	mozrunner::runner	INFO	Running command: "D:\\testSoftware\\firefox.exe" "-marionette" "-foreground" "-no-remote" "-profile" "C:\\Users\\田宁\\AppData\\Local\\Temp\\rust_mozprofile8oZBpZ"
JavaScript error: resource://gre/modules/XULStore.jsm, line 66: Error: Can't find profile directory.
1605012387362	Marionette	INFO	Listening on port 9044
1605012387419	Marionette	WARN	TLS certificate errors will be ignored for this session
JavaScript error: resource://gre/modules/URIFixup.jsm, line 281: NS_ERROR_FAILURE: Should pass a non-null uri
1605012393901	Marionette	WARN	TimedPromise timed out after 500 ms: stacktrace:
TimedPromise/<@chrome://marionette/content/sync.js:245:13
TimedPromise@chrome://marionette/content/sync.js:230:10
interaction.flushEventLoop@chrome://marionette/content/interaction.js:416:10
webdriverClickElement@chrome://marionette/content/interaction.js:182:31
1605012395463	Marionette	INFO	Stopped listening on port 9044

###!!! [Child][RunMessage] Error: Channel closing: too late to send/recv, messages will be lost


###!!! [Child][MessageChannel::SendAndWait] Error: Channel error: cannot send/recv

1605012401606	mozrunner::runner	INFO	Running command: "D:\\testSoftware\\firefox.exe" "-marionette" "-foreground" "-no-remote" "-profile" "C:\\Users\\田宁\\AppData\\Local\\Temp\\rust_mozprofile1L33kD"
JavaScript error: resource://gre/modules/XULStore.jsm, line 66: Error: Can't find profile directory.
1605012405550	Marionette	INFO	Listening on port 9101
1605012405722	Marionette	WARN	TLS certificate errors will be ignored for this session
JavaScript error: resource://gre/modules/URIFixup.jsm, line 281: NS_ERROR_FAILURE: Should pass a non-null uri
1605012413528	Marionette	INFO	Stopped listening on port 9101

###!!! [Child][RunMessage] Error: Channel closing: too late to send/recv, messages will be lost


###!!! [Child][MessageChannel::SendAndWait] Error: Channel error: cannot send/recv

1605012601064	mozrunner::runner	INFO	Running command: "D:\\testSoftware\\firefox.exe" "-marionette" "-foreground" "-no-remote" "-profile" "C:\\Users\\田宁\\AppData\\Local\\Temp\\rust_mozprofilejqmYMZ"
JavaScript error: resource://gre/modules/XULStore.jsm, line 66: Error: Can't find profile directory.
1605012604557	Marionette	INFO	Listening on port 9223
1605012604770	Marionette	WARN	TLS certificate errors will be ignored for this session
JavaScript error: resource://gre/modules/URIFixup.jsm, line 281: NS_ERROR_FAILURE: Should pass a non-null uri
1605012609021	Marionette	INFO	Stopped listening on port 9223
console.error: Region.jsm: "Failed to fetch region" (new TypeError("NetworkError when attempting to fetch resource.", ""))

###!!! [Child][RunMessage] Error: Channel closing: too late to send/recv, messages will be lost


###!!! [Child][MessageChannel::SendAndWait] Error: Channel error: cannot send/recv

1605012613809	mozrunner::runner	INFO	Running command: "D:\\testSoftware\\firefox.exe" "-marionette" "-foreground" "-no-remote" "-profile" "C:\\Users\\田宁\\AppData\\Local\\Temp\\rust_mozprofilegWFpds"
JavaScript error: resource://gre/modules/XULStore.jsm, line 66: Error: Can't find profile directory.
1605012616905	Marionette	INFO	Listening on port 9272
1605012616924	Marionette	WARN	TLS certificate errors will be ignored for this session
JavaScript error: resource://gre/modules/URIFixup.jsm, line 281: NS_ERROR_FAILURE: Should pass a non-null uri
1605012623046	Marionette	WARN	TimedPromise timed out after 500 ms: stacktrace:
TimedPromise/<@chrome://marionette/content/sync.js:245:13
TimedPromise@chrome://marionette/content/sync.js:230:10
interaction.flushEventLoop@chrome://marionette/content/interaction.js:416:10
webdriverClickElement@chrome://marionette/content/interaction.js:182:31
1605012624699	Marionette	INFO	Stopped listening on port 9272
IPDL protocol error: Handler returned error code!

###!!! [Parent][DispatchAsyncMessage] Error: PLayerTransaction::Msg_ReleaseLayer Processing error: message was deserialized, but the handler returned false (indicating failure)

IPDL protocol error: Handler returned error code!

###!!! [Parent][DispatchAsyncMessage] Error: PLayerTransaction::Msg_ReleaseLayer Processing error: message was deserialized, but the handler returned false (indicating failure)

IPDL protocol error: Handler returned error code!

###!!! [Parent][DispatchAsyncMessage] Error: PLayerTransaction::Msg_ReleaseLayer Processing error: message was deserialized, but the handler returned false (indicating failure)

IPDL protocol error: Handler returned error code!

###!!! [Parent][DispatchAsyncMessage] Error: PLayerTransaction::Msg_ReleaseLayer Processing error: message was deserialized, but the handler returned false (indicating failure)

IPDL protocol error: Handler returned error code!

###!!! [Parent][DispatchAsyncMessage] Error: PLayerTransaction::Msg_ReleaseLayer Processing error: message was deserialized, but the handler returned false (indicating failure)

IPDL protocol error: Handler returned error code!

###!!! [Parent][DispatchAsyncMessage] Error: PLayerTransaction::Msg_ReleaseLayer Processing error: message was deserialized, but the handler returned false (indicating failure)

IPDL protocol error: Handler returned error code!

###!!! [Parent][DispatchAsyncMessage] Error: PLayerTransaction::Msg_ReleaseLayer Processing error: message was deserialized, but the handler returned false (indicating failure)


###!!! [Child][RunMessage] Error: Channel closing: too late to send/recv, messages will be lost


###!!! [Child][MessageChannel::SendAndWait] Error: Channel error: cannot send/recv

1605012629251	mozrunner::runner	INFO	Running command: "D:\\testSoftware\\firefox.exe" "-marionette" "-foreground" "-no-remote" "-profile" "C:\\Users\\田宁\\AppData\\Local\\Temp\\rust_mozprofile9qYS7v"
JavaScript error: resource://gre/modules/XULStore.jsm, line 66: Error: Can't find profile directory.
1605012632395	Marionette	INFO	Listening on port 9331
1605012632881	Marionette	WARN	TLS certificate errors will be ignored for this session
JavaScript error: resource://gre/modules/URIFixup.jsm, line 281: NS_ERROR_FAILURE: Should pass a non-null uri
1605012639730	Marionette	INFO	Stopped listening on port 9331

###!!! [Child][RunMessage] Error: Channel closing: too late to send/recv, messages will be lost


###!!! [Child][MessageChannel::SendAndWait] Error: Channel error: cannot send/recv

1605012791382	mozrunner::runner	INFO	Running command: "D:\\testSoftware\\firefox.exe" "-marionette" "-foreground" "-no-remote" "-profile" "C:\\Users\\田宁\\AppData\\Local\\Temp\\rust_mozprofile922PEm"
JavaScript error: resource://gre/modules/XULStore.jsm, line 66: Error: Can't find profile directory.
1605012795073	Marionette	INFO	Listening on port 9435
1605012795515	Marionette	WARN	TLS certificate errors will be ignored for this session
JavaScript error: resource://gre/modules/URIFixup.jsm, line 281: NS_ERROR_FAILURE: Should pass a non-null uri
1605012799756	Marionette	INFO	Stopped listening on port 9435
console.error: services.settings: 
  main/whats-new-panel Signature failed  TypeError: NetworkError when attempting to fetch resource.

###!!! [Child][MessageChannel::SendAndWait] Error: Channel error: cannot send/recv

1605012804947	mozrunner::runner	INFO	Running command: "D:\\testSoftware\\firefox.exe" "-marionette" "-foreground" "-no-remote" "-profile" "C:\\Users\\田宁\\AppData\\Local\\Temp\\rust_mozprofilecFkucd"
JavaScript error: resource://gre/modules/XULStore.jsm, line 66: Error: Can't find profile directory.
1605012809010	Marionette	INFO	Listening on port 9483
1605012809073	Marionette	WARN	TLS certificate errors will be ignored for this session
JavaScript error: resource://gre/modules/URIFixup.jsm, line 281: NS_ERROR_FAILURE: Should pass a non-null uri
1605012811457	Marionette	WARN	TimedPromise timed out after 500 ms: stacktrace:
TimedPromise/<@chrome://marionette/content/sync.js:245:13
TimedPromise@chrome://marionette/content/sync.js:230:10
interaction.flushEventLoop@chrome://marionette/content/interaction.js:416:10
webdriverClickElement@chrome://marionette/content/interaction.js:182:31
1605012816326	Marionette	WARN	TimedPromise timed out after 500 ms: stacktrace:
TimedPromise/<@chrome://marionette/content/sync.js:245:13
TimedPromise@chrome://marionette/content/sync.js:230:10
interaction.flushEventLoop@chrome://marionette/content/interaction.js:416:10
webdriverClickElement@chrome://marionette/content/interaction.js:182:31
1605012818030	Marionette	INFO	Stopped listening on port 9483
IPDL protocol error: Handler returned error code!

###!!! [Parent][DispatchAsyncMessage] Error: PLayerTransaction::Msg_ReleaseLayer Processing error: message was deserialized, but the handler returned false (indicating failure)

IPDL protocol error: Handler returned error code!

###!!! [Parent][DispatchAsyncMessage] Error: PLayerTransaction::Msg_ReleaseLayer Processing error: message was deserialized, but the handler returned false (indicating failure)

IPDL protocol error: Handler returned error code!

###!!! [Parent][DispatchAsyncMessage] Error: PLayerTransaction::Msg_ReleaseLayer Processing error: message was deserialized, but the handler returned false (indicating failure)

IPDL protocol error: Handler returned error code!

###!!! [Parent][DispatchAsyncMessage] Error: PLayerTransaction::Msg_ReleaseLayer Processing error: message was deserialized, but the handler returned false (indicating failure)

IPDL protocol error: Handler returned error code!

###!!! [Parent][DispatchAsyncMessage] Error: PLayerTransaction::Msg_ReleaseLayer Processing error: message was deserialized, but the handler returned false (indicating failure)


###!!! [Child][RunMessage] Error: Channel closing: too late to send/recv, messages will be lost


###!!! [Child][MessageChannel::SendAndWait] Error: Channel error: cannot send/recv

1605012823416	mozrunner::runner	INFO	Running command: "D:\\testSoftware\\firefox.exe" "-marionette" "-foreground" "-no-remote" "-profile" "C:\\Users\\田宁\\AppData\\Local\\Temp\\rust_mozprofileURI4tI"
JavaScript error: resource://gre/modules/XULStore.jsm, line 66: Error: Can't find profile directory.
1605012826864	Marionette	INFO	Listening on port 9536
1605012827033	Marionette	WARN	TLS certificate errors will be ignored for this session
JavaScript error: resource://gre/modules/URIFixup.jsm, line 281: NS_ERROR_FAILURE: Should pass a non-null uri
1605012834132	Marionette	INFO	Stopped listening on port 9536
IPDL protocol error: Handler returned error code!

###!!! [Parent][DispatchAsyncMessage] Error: PLayerTransaction::Msg_ReleaseLayer Processing error: message was deserialized, but the handler returned false (indicating failure)


###!!! [Child][RunMessage] Error: Channel closing: too late to send/recv, messages will be lost


###!!! [Child][MessageChannel::SendAndWait] Error: Channel error: cannot send/recv

1605012892212	mozrunner::runner	INFO	Running command: "D:\\testSoftware\\firefox.exe" "-marionette" "-foreground" "-no-remote" "-profile" "C:\\Users\\田宁\\AppData\\Local\\Temp\\rust_mozprofilePd7QYA"
JavaScript error: resource://gre/modules/XULStore.jsm, line 66: Error: Can't find profile directory.
1605012895434	Marionette	INFO	Listening on port 9600
1605012895826	Marionette	WARN	TLS certificate errors will be ignored for this session
JavaScript error: resource://gre/modules/URIFixup.jsm, line 281: NS_ERROR_FAILURE: Should pass a non-null uri
1605012900099	Marionette	INFO	Stopped listening on port 9600

###!!! [Child][RunMessage] Error: Channel closing: too late to send/recv, messages will be lost


###!!! [Child][MessageChannel::SendAndWait] Error: Channel error: cannot send/recv

1605012904800	mozrunner::runner	INFO	Running command: "D:\\testSoftware\\firefox.exe" "-marionette" "-foreground" "-no-remote" "-profile" "C:\\Users\\田宁\\AppData\\Local\\Temp\\rust_mozprofile7Ls219"
JavaScript error: resource://gre/modules/XULStore.jsm, line 66: Error: Can't find profile directory.
1605012908167	Marionette	INFO	Listening on port 9652
1605012908423	Marionette	WARN	TLS certificate errors will be ignored for this session
JavaScript error: resource://gre/modules/URIFixup.jsm, line 281: NS_ERROR_FAILURE: Should pass a non-null uri
1605012914500	Marionette	WARN	TimedPromise timed out after 500 ms: stacktrace:
TimedPromise/<@chrome://marionette/content/sync.js:245:13
TimedPromise@chrome://marionette/content/sync.js:230:10
interaction.flushEventLoop@chrome://marionette/content/interaction.js:416:10
webdriverClickElement@chrome://marionette/content/interaction.js:182:31
1605012916151	Marionette	INFO	Stopped listening on port 9652
IPDL protocol error: Handler returned error code!

###!!! [Parent][DispatchAsyncMessage] Error: PLayerTransaction::Msg_ReleaseLayer Processing error: message was deserialized, but the handler returned false (indicating failure)

IPDL protocol error: Handler returned error code!

###!!! [Parent][DispatchAsyncMessage] Error: PLayerTransaction::Msg_ReleaseLayer Processing error: message was deserialized, but the handler returned false (indicating failure)

IPDL protocol error: Handler returned error code!

###!!! [Parent][DispatchAsyncMessage] Error: PLayerTransaction::Msg_ReleaseLayer Processing error: message was deserialized, but the handler returned false (indicating failure)

IPDL protocol error: Handler returned error code!

###!!! [Parent][DispatchAsyncMessage] Error: PLayerTransaction::Msg_ReleaseLayer Processing error: message was deserialized, but the handler returned false (indicating failure)

IPDL protocol error: Handler returned error code!

###!!! [Parent][DispatchAsyncMessage] Error: PLayerTransaction::Msg_ReleaseLayer Processing error: message was deserialized, but the handler returned false (indicating failure)

IPDL protocol error: Handler returned error code!

###!!! [Parent][DispatchAsyncMessage] Error: PLayerTransaction::Msg_ReleaseLayer Processing error: message was deserialized, but the handler returned false (indicating failure)

IPDL protocol error: Handler returned error code!

###!!! [Parent][DispatchAsyncMessage] Error: PLayerTransaction::Msg_ReleaseLayer Processing error: message was deserialized, but the handler returned false (indicating failure)

IPDL protocol error: Handler returned error code!

###!!! [Parent][DispatchAsyncMessage] Error: PLayerTransaction::Msg_ReleaseLayer Processing error: message was deserialized, but the handler returned false (indicating failure)


###!!! [Child][RunMessage] Error: Channel closing: too late to send/recv, messages will be lost


###!!! [Child][MessageChannel::SendAndWait] Error: Channel error: cannot send/recv

1605012921005	mozrunner::runner	INFO	Running command: "D:\\testSoftware\\firefox.exe" "-marionette" "-foreground" "-no-remote" "-profile" "C:\\Users\\田宁\\AppData\\Local\\Temp\\rust_mozprofilenHXbye"
JavaScript error: resource://gre/modules/XULStore.jsm, line 66: Error: Can't find profile directory.
1605012923916	Marionette	INFO	Listening on port 9709
1605012924118	Marionette	WARN	TLS certificate errors will be ignored for this session
JavaScript error: resource://gre/modules/URIFixup.jsm, line 281: NS_ERROR_FAILURE: Should pass a non-null uri
1605012931145	Marionette	INFO	Stopped listening on port 9709

###!!! [Child][RunMessage] Error: Channel closing: too late to send/recv, messages will be lost


###!!! [Child][MessageChannel::SendAndWait] Error: Channel error: cannot send/recv

1605012976887	mozrunner::runner	INFO	Running command: "D:\\testSoftware\\firefox.exe" "-marionette" "-foreground" "-no-remote" "-profile" "C:\\Users\\田宁\\AppData\\Local\\Temp\\rust_mozprofilevPX9vt"
JavaScript error: resource://gre/modules/XULStore.jsm, line 66: Error: Can't find profile directory.
1605012980536	Marionette	INFO	Listening on port 9777
1605012981002	Marionette	WARN	TLS certificate errors will be ignored for this session
JavaScript error: resource://gre/modules/URIFixup.jsm, line 281: NS_ERROR_FAILURE: Should pass a non-null uri
1605012985170	Marionette	INFO	Stopped listening on port 9777

###!!! [Child][RunMessage] Error: Channel closing: too late to send/recv, messages will be lost


###!!! [Child][MessageChannel::SendAndWait] Error: Channel error: cannot send/recv

1605012989865	mozrunner::runner	INFO	Running command: "D:\\testSoftware\\firefox.exe" "-marionette" "-foreground" "-no-remote" "-profile" "C:\\Users\\田宁\\AppData\\Local\\Temp\\rust_mozprofileGFg5Fr"
JavaScript error: resource://gre/modules/XULStore.jsm, line 66: Error: Can't find profile directory.
1605012993091	Marionette	INFO	Listening on port 9828
1605012993491	Marionette	WARN	TLS certificate errors will be ignored for this session
JavaScript error: resource://gre/modules/URIFixup.jsm, line 281: NS_ERROR_FAILURE: Should pass a non-null uri
1605012999656	Marionette	WARN	TimedPromise timed out after 500 ms: stacktrace:
TimedPromise/<@chrome://marionette/content/sync.js:245:13
TimedPromise@chrome://marionette/content/sync.js:230:10
interaction.flushEventLoop@chrome://marionette/content/interaction.js:416:10
webdriverClickElement@chrome://marionette/content/interaction.js:182:31
1605013001398	Marionette	INFO	Stopped listening on port 9828
IPDL protocol error: Handler returned error code!

###!!! [Parent][DispatchAsyncMessage] Error: PLayerTransaction::Msg_ReleaseLayer Processing error: message was deserialized, but the handler returned false (indicating failure)

IPDL protocol error: Handler returned error code!

###!!! [Parent][DispatchAsyncMessage] Error: PLayerTransaction::Msg_ReleaseLayer Processing error: message was deserialized, but the handler returned false (indicating failure)

IPDL protocol error: Handler returned error code!

###!!! [Parent][DispatchAsyncMessage] Error: PLayerTransaction::Msg_ReleaseLayer Processing error: message was deserialized, but the handler returned false (indicating failure)

IPDL protocol error: Handler returned error code!

###!!! [Parent][DispatchAsyncMessage] Error: PLayerTransaction::Msg_ReleaseLayer Processing error: message was deserialized, but the handler returned false (indicating failure)

IPDL protocol error: Handler returned error code!

###!!! [Parent][DispatchAsyncMessage] Error: PLayerTransaction::Msg_ReleaseLayer Processing error: message was deserialized, but the handler returned false (indicating failure)

IPDL protocol error: Handler returned error code!

###!!! [Parent][DispatchAsyncMessage] Error: PLayerTransaction::Msg_ReleaseLayer Processing error: message was deserialized, but the handler returned false (indicating failure)

IPDL protocol error: Handler returned error code!

###!!! [Parent][DispatchAsyncMessage] Error: PLayerTransaction::Msg_ReleaseLayer Processing error: message was deserialized, but the handler returned false (indicating failure)


###!!! [Child][RunMessage] Error: Channel closing: too late to send/recv, messages will be lost


###!!! [Child][MessageChannel::SendAndWait] Error: Channel error: cannot send/recv

1605013006095	mozrunner::runner	INFO	Running command: "D:\\testSoftware\\firefox.exe" "-marionette" "-foreground" "-no-remote" "-profile" "C:\\Users\\田宁\\AppData\\Local\\Temp\\rust_mozprofile1n7t3L"
JavaScript error: resource://gre/modules/XULStore.jsm, line 66: Error: Can't find profile directory.
1605013009102	Marionette	INFO	Listening on port 9885
1605013009221	Marionette	WARN	TLS certificate errors will be ignored for this session
JavaScript error: resource://gre/modules/URIFixup.jsm, line 281: NS_ERROR_FAILURE: Should pass a non-null uri
1605013016157	Marionette	INFO	Stopped listening on port 9885
IPDL protocol error: Handler returned error code!

###!!! [Parent][DispatchAsyncMessage] Error: PLayerTransaction::Msg_ReleaseLayer Processing error: message was deserialized, but the handler returned false (indicating failure)

IPDL protocol error: Handler returned error code!

###!!! [Parent][DispatchAsyncMessage] Error: PLayerTransaction::Msg_ReleaseLayer Processing error: message was deserialized, but the handler returned false (indicating failure)

IPDL protocol error: Handler returned error code!

###!!! [Parent][DispatchAsyncMessage] Error: PLayerTransaction::Msg_ReleaseLayer Processing error: message was deserialized, but the handler returned false (indicating failure)

IPDL protocol error: Handler returned error code!

###!!! [Parent][DispatchAsyncMessage] Error: PLayerTransaction::Msg_ReleaseLayer Processing error: message was deserialized, but the handler returned false (indicating failure)


###!!! [Child][RunMessage] Error: Channel closing: too late to send/recv, messages will be lost


###!!! [Child][MessageChannel::SendAndWait] Error: Channel error: cannot send/recv

1605529899207	mozrunner::runner	INFO	Running command: "D:\\testSoftware\\firefox.exe" "-marionette" "-foreground" "-no-remote" "-profile" "C:\\Users\\田宁\\AppData\\Local\\Temp\\rust_mozprofile3GDa5K"
JavaScript error: resource://gre/modules/XULStore.jsm, line 66: Error: Can't find profile directory.
1605529902271	Marionette	INFO	Listening on port 62221
1605529902427	Marionette	WARN	TLS certificate errors will be ignored for this session
JavaScript error: resource://gre/modules/URIFixup.jsm, line 281: NS_ERROR_FAILURE: Should pass a non-null uri
1605529906428	Marionette	INFO	Stopped listening on port 62221

###!!! [Child][RunMessage] Error: Channel closing: too late to send/recv, messages will be lost


###!!! [Child][MessageChannel::SendAndWait] Error: Channel error: cannot send/recv

1605529910591	mozrunner::runner	INFO	Running command: "D:\\testSoftware\\firefox.exe" "-marionette" "-foreground" "-no-remote" "-profile" "C:\\Users\\田宁\\AppData\\Local\\Temp\\rust_mozprofilewaqyu5"
JavaScript error: resource://gre/modules/XULStore.jsm, line 66: Error: Can't find profile directory.
1605529913529	Marionette	INFO	Listening on port 62274
1605529913710	Marionette	WARN	TLS certificate errors will be ignored for this session
JavaScript error: resource://gre/modules/URIFixup.jsm, line 281: NS_ERROR_FAILURE: Should pass a non-null uri
1605529929084	Marionette	INFO	Stopped listening on port 62274

###!!! [Child][RunMessage] Error: Channel closing: too late to send/recv, messages will be lost


###!!! [Child][MessageChannel::SendAndWait] Error: Channel error: cannot send/recv

1605529942647	mozrunner::runner	INFO	Running command: "D:\\testSoftware\\firefox.exe" "-marionette" "-foreground" "-no-remote" "-profile" "C:\\Users\\田宁\\AppData\\Local\\Temp\\rust_mozprofile44NCAu"
JavaScript error: resource://gre/modules/XULStore.jsm, line 66: Error: Can't find profile directory.
1605529945570	Marionette	INFO	Listening on port 62334
1605529945765	Marionette	WARN	TLS certificate errors will be ignored for this session
JavaScript error: resource://gre/modules/URIFixup.jsm, line 281: NS_ERROR_FAILURE: Should pass a non-null uri
1605529949885	Marionette	INFO	Stopped listening on port 62334

###!!! [Child][RunMessage] Error: Channel closing: too late to send/recv, messages will be lost


###!!! [Child][MessageChannel::SendAndWait] Error: Channel error: cannot send/recv

1605529954082	mozrunner::runner	INFO	Running command: "D:\\testSoftware\\firefox.exe" "-marionette" "-foreground" "-no-remote" "-profile" "C:\\Users\\田宁\\AppData\\Local\\Temp\\rust_mozprofilexU97ql"
JavaScript error: resource://gre/modules/XULStore.jsm, line 66: Error: Can't find profile directory.
1605529957600	Marionette	INFO	Listening on port 62382
1605529957710	Marionette	WARN	TLS certificate errors will be ignored for this session
JavaScript error: resource://gre/modules/URIFixup.jsm, line 281: NS_ERROR_FAILURE: Should pass a non-null uri
1605529965989	Marionette	INFO	Stopped listening on port 62382

###!!! [Child][RunMessage] Error: Channel closing: too late to send/recv, messages will be lost


###!!! [Child][MessageChannel::SendAndWait] Error: Channel error: cannot send/recv

1605530049848	mozrunner::runner	INFO	Running command: "D:\\testSoftware\\firefox.exe" "-marionette" "-foreground" "-no-remote" "-profile" "C:\\Users\\田宁\\AppData\\Local\\Temp\\rust_mozprofileE64sax"
JavaScript error: resource://gre/modules/XULStore.jsm, line 66: Error: Can't find profile directory.
1605530053289	Marionette	INFO	Listening on port 62470
1605530053474	Marionette	WARN	TLS certificate errors will be ignored for this session
JavaScript error: resource://gre/modules/URIFixup.jsm, line 281: NS_ERROR_FAILURE: Should pass a non-null uri
1605530057524	Marionette	INFO	Stopped listening on port 62470

###!!! [Child][RunMessage] Error: Channel closing: too late to send/recv, messages will be lost


###!!! [Child][MessageChannel::SendAndWait] Error: Channel error: cannot send/recv

1605530061917	mozrunner::runner	INFO	Running command: "D:\\testSoftware\\firefox.exe" "-marionette" "-foreground" "-no-remote" "-profile" "C:\\Users\\田宁\\AppData\\Local\\Temp\\rust_mozprofileOCP2cE"
JavaScript error: resource://gre/modules/XULStore.jsm, line 66: Error: Can't find profile directory.
1605530064983	Marionette	INFO	Listening on port 62522
1605530065033	Marionette	WARN	TLS certificate errors will be ignored for this session
JavaScript error: resource://gre/modules/URIFixup.jsm, line 281: NS_ERROR_FAILURE: Should pass a non-null uri
console.error: "Store does not have a valid reducer. Make sure the argument passed to combineReducers is an object whose values are reducers."
console.warn: LoginRecipes: "getRecipes: falling back to a synchronous message for:" "http://172.16.13.120:8080"
console.warn: LoginRecipes: "getRecipes: falling back to a synchronous message for:" "http://172.16.13.120:8080"
JavaScript error: resource:///actors/LightweightThemeChild.jsm, line 28: TypeError: this.docShell is null
JavaScript error: resource:///actors/LightweightThemeChild.jsm, line 28: TypeError: this.docShell is null
JavaScript error: resource:///actors/LightweightThemeChild.jsm, line 28: TypeError: this.docShell is null
JavaScript error: resource:///actors/LightweightThemeChild.jsm, line 28: TypeError: this.docShell is null
1605531193086	Marionette	INFO	Stopped listening on port 62522

###!!! [Child][RunMessage] Error: Channel closing: too late to send/recv, messages will be lost


###!!! [Child][MessageChannel::SendAndWait] Error: Channel error: cannot send/recv

al\\Temp\\rust_mozprofile322q6n"
JavaScript error: resource://gre/modules/XULStore.jsm, line 66: Error: Can't find profile directory.
1605530279535	Marionette	INFO	Listening on port 62676
1605530279838	Marionette	WARN	TLS certificate errors will be ignored for this session
JavaScript error: resource://gre/modules/URIFixup.jsm, line 281: NS_ERROR_FAILURE: Should pass a non-null uri
1605530286126	Marionette	WARN	TimedPromise timed out after 500 ms: stacktrace:
TimedPromise/<@chrome://marionette/content/sync.js:245:13
TimedPromise@chrome://marionette/content/sync.js:230:10
interaction.flushEventLoop@chrome://marionette/content/interaction.js:416:10
webdriverClickElement@chrome://marionette/content/interaction.js:182:31
1605530287784	Marionette	INFO	Stopped listening on port 62676
IPDL protocol error: Handler returned error code!

###!!! [Parent][DispatchAsyncMessage] Error: PLayerTransaction::Msg_ReleaseLayer Processing error: message was deserialized, but the handler returned false (indicating failure)

IPDL protocol error: Handler returned error code!

###!!! [Parent][DispatchAsyncMessage] Error: PLayerTransaction::Msg_ReleaseLayer Processing error: message was deserialized, but the handler returned false (indicating failure)

IPDL protocol error: Handler returned error code!

###!!! [Parent][DispatchAsyncMessage] Error: PLayerTransaction::Msg_ReleaseLayer Processing error: message was deserialized, but the handler returned false (indicating failure)

IPDL protocol error: Handler returned error code!

###!!! [Parent][DispatchAsyncMessage] Error: PLayerTransaction::Msg_ReleaseLayer Processing error: message was deserialized, but the handler returned false (indicating failure)

IPDL protocol error: Handler returned error code!

###!!! [Parent][DispatchAsyncMessage] Error: PLayerTransaction::Msg_ReleaseLayer Processing error: message was deserialized, but the handler returned false (indicating failure)


###!!! [Child][RunMessage] Error: Channel closing: too late to send/recv, messages will be lost


###!!! [Child][MessageChannel::SendAndWait] Error: Channel error: cannot send/recv

1605530292624	mozrunner::runner	INFO	Running command: "D:\\testSoftware\\firefox.exe" "-marionette" "-foreground" "-no-remote" "-profile" "C:\\Users\\田宁\\AppData\\Local\\Temp\\rust_mozprofileH8PThN"
JavaScript error: resource://gre/modules/XULStore.jsm, line 66: Error: Can't find profile directory.
1605530295901	Marionette	INFO	Listening on port 62734
1605530296239	Marionette	WARN	TLS certificate errors will be ignored for this session
JavaScript error: resource://gre/modules/URIFixup.jsm, line 281: NS_ERROR_FAILURE: Should pass a non-null uri
1605530303263	Marionette	INFO	Stopped listening on port 62734
IPDL protocol error: Handler returned error code!

###!!! [Parent][DispatchAsyncMessage] Error: PLayerTransaction::Msg_ReleaseLayer Processing error: message was deserialized, but the handler returned false (indicating failure)

IPDL protocol error: Handler returned error code!

###!!! [Parent][DispatchAsyncMessage] Error: PLayerTransaction::Msg_ReleaseLayer Processing error: message was deserialized, but the handler returned false (indicating failure)

IPDL protocol error: Handler returned error code!

###!!! [Parent][DispatchAsyncMessage] Error: PLayerTransaction::Msg_ReleaseLayer Processing error: message was deserialized, but the handler returned false (indicating failure)

IPDL protocol error: Handler returned error code!

###!!! [Parent][DispatchAsyncMessage] Error: PLayerTransaction::Msg_ReleaseLayer Processing error: message was deserialized, but the handler returned false (indicating failure)


###!!! [Child][RunMessage] Error: Channel closing: too late to send/recv, messages will be lost


###!!! [Child][MessageChannel::SendAndWait] Error: Channel error: cannot send/recv

